Change Footprint: Footprint Not Found SAMTEC_TSW-108-07-G-S
Add Component: Footprint Not Found SIP_3570-1331_COM
Add Component: Footprint Not Found SIP_3570-1331_COM
Add Component: Footprint Not Found SIP_3570-1331_COM
Add Component: Footprint Not Found SIP_3570-1331_COM
Add Pin To Net: Unknown Pin: Pin J6-05
Add Pin To Net: Unknown Pin: Pin J6-06
Add Pin To Net: Unknown Pin: Pin J6-07
Add Pin To Net: Unknown Pin: Pin J6-08
Add Pin To Net: Unknown Pin: Pin U21-1
Add Pin To Net: Unknown Pin: Pin U21-2
Add Pin To Net: Unknown Pin: Pin U21-3
Add Pin To Net: Unknown Pin: Pin U21-4
Add Pin To Net: Unknown Pin: Pin U22-1
Add Pin To Net: Unknown Pin: Pin U22-2
Add Pin To Net: Unknown Pin: Pin U22-3
Add Pin To Net: Unknown Pin: Pin U22-4
Add Pin To Net: Unknown Pin: Pin U23-1
Add Pin To Net: Unknown Pin: Pin U23-2
Add Pin To Net: Unknown Pin: Pin U23-3
Add Pin To Net: Unknown Pin: Pin U23-4
Add Pin To Net: Unknown Pin: Pin U24-1
Add Pin To Net: Unknown Pin: Pin U24-2
Add Pin To Net: Unknown Pin: Pin U24-3
Add Pin To Net: Unknown Pin: Pin U24-4
Add Class Member: Failed to add class member : Component U21 3570-1331-051
Add Class Member: Failed to add class member : Component U22 3570-1331-051
Add Class Member: Failed to add class member : Component U23 3570-1331-051
Add Class Member: Failed to add class member : Component U24 3570-1331-051
